

Version:	3.14
CmdLine:	C:\Users\Claudia\Desktop\CASTLEHEART\CastleHeart.exe --l4j-debug
WOW64:		yes
Working dir:	C:\Users\Claudia\Desktop\CASTLEHEART\.
Java min ver:	1.001.000
Java max ver:	
64-bit search:	SOFTWARE\JavaSoft\Java Runtime Environment...
32-bit search:	SOFTWARE\JavaSoft\Java Runtime Environment...
64-bit search:	SOFTWARE\JavaSoft\Java Development Kit...
32-bit search:	SOFTWARE\JavaSoft\Java Development Kit...
64-bit search:	SOFTWARE\JavaSoft\JRE...
32-bit search:	SOFTWARE\JavaSoft\JRE...
64-bit search:	SOFTWARE\JavaSoft\JDK...
Check:		SOFTWARE\JavaSoft\JDK\15.0.2
Check launcher:	C:\Program Files\Java\jdk-15.0.2\bin\javaw.exe (OK)
Match:		1.015.000_002
Runtime used:	1.015.000_002 (64-bit)
Main class:	Main.Game
Info:		Classpath not defined.
Launcher:	C:\Program Files\Java\jdk-15.0.2\bin\javaw.exe
Launcher args:	-classpath "C:\Users\Claudia\Desktop\CASTLEHEART\CastleHeart.exe" Main.Game
Args length:	75/32768 chars
Exit code:	0


Version:	3.14
CmdLine:	C:\Users\Claudia\Desktop\CASTLEHEART\CastleHeart.exe --l4j-debug
WOW64:		yes
Working dir:	C:\Users\Claudia\Desktop\CASTLEHEART\.
Java min ver:	1.001.000
Java max ver:	
64-bit search:	SOFTWARE\JavaSoft\Java Runtime Environment...
32-bit search:	SOFTWARE\JavaSoft\Java Runtime Environment...
64-bit search:	SOFTWARE\JavaSoft\Java Development Kit...
32-bit search:	SOFTWARE\JavaSoft\Java Development Kit...
64-bit search:	SOFTWARE\JavaSoft\JRE...
32-bit search:	SOFTWARE\JavaSoft\JRE...
64-bit search:	SOFTWARE\JavaSoft\JDK...
Check:		SOFTWARE\JavaSoft\JDK\15.0.2
Check launcher:	C:\Program Files\Java\jdk-15.0.2\bin\javaw.exe (OK)
Match:		1.015.000_002
Runtime used:	1.015.000_002 (64-bit)
Launcher:	C:\Program Files\Java\jdk-15.0.2\bin\javaw.exe
Launcher args:	-jar "C:\Users\Claudia\Desktop\CASTLEHEART\CastleHeart.exe"
Args length:	59/32768 chars
Exit code:	0


Version:	3.14
CmdLine:	C:\Users\Claudia\Desktop\CASTLEHEART\CastleHeart.exe --l4j-debug
WOW64:		yes
Working dir:	C:\Users\Claudia\Desktop\CASTLEHEART\.
Java min ver:	1.001.000
Java max ver:	
64-bit search:	SOFTWARE\JavaSoft\Java Runtime Environment...
32-bit search:	SOFTWARE\JavaSoft\Java Runtime Environment...
64-bit search:	SOFTWARE\JavaSoft\Java Development Kit...
32-bit search:	SOFTWARE\JavaSoft\Java Development Kit...
64-bit search:	SOFTWARE\JavaSoft\JRE...
32-bit search:	SOFTWARE\JavaSoft\JRE...
64-bit search:	SOFTWARE\JavaSoft\JDK...
Check:		SOFTWARE\JavaSoft\JDK\15.0.2
Check launcher:	C:\Program Files\Java\jdk-15.0.2\bin\javaw.exe (OK)
Match:		1.015.000_002
Runtime used:	1.015.000_002 (64-bit)
Launcher:	C:\Program Files\Java\jdk-15.0.2\bin\javaw.exe
Launcher args:	-jar "C:\Users\Claudia\Desktop\CASTLEHEART\CastleHeart.exe"
Args length:	59/32768 chars
Exit code:	0


Version:	3.14
CmdLine:	C:\Users\Claudia\Desktop\CASTLEHEART\CastleHeart.exe --l4j-debug
WOW64:		yes
Working dir:	C:\Users\Claudia\Desktop\CASTLEHEART\.
Java min ver:	1.001.000
Java max ver:	
64-bit search:	SOFTWARE\JavaSoft\Java Runtime Environment...
32-bit search:	SOFTWARE\JavaSoft\Java Runtime Environment...
64-bit search:	SOFTWARE\JavaSoft\Java Development Kit...
32-bit search:	SOFTWARE\JavaSoft\Java Development Kit...
64-bit search:	SOFTWARE\JavaSoft\JRE...
32-bit search:	SOFTWARE\JavaSoft\JRE...
64-bit search:	SOFTWARE\JavaSoft\JDK...
Check:		SOFTWARE\JavaSoft\JDK\15.0.2
Check launcher:	C:\Program Files\Java\jdk-15.0.2\bin\javaw.exe (OK)
Match:		1.015.000_002
Runtime used:	1.015.000_002 (64-bit)
Launcher:	C:\Program Files\Java\jdk-15.0.2\bin\javaw.exe
Launcher args:	-jar "C:\Users\Claudia\Desktop\CASTLEHEART\CastleHeart.exe"
Args length:	59/32768 chars
Exit code:	0


Version:	3.14
CmdLine:	C:\Users\Claudia\Desktop\CASTLEHEART\CastleHeart.exe --l4j-debug
WOW64:		yes
Working dir:	C:\Users\Claudia\Desktop\CASTLEHEART\.
Java min ver:	1.001.000
Java max ver:	
64-bit search:	SOFTWARE\JavaSoft\Java Runtime Environment...
32-bit search:	SOFTWARE\JavaSoft\Java Runtime Environment...
64-bit search:	SOFTWARE\JavaSoft\Java Development Kit...
32-bit search:	SOFTWARE\JavaSoft\Java Development Kit...
64-bit search:	SOFTWARE\JavaSoft\JRE...
32-bit search:	SOFTWARE\JavaSoft\JRE...
64-bit search:	SOFTWARE\JavaSoft\JDK...
Check:		SOFTWARE\JavaSoft\JDK\15.0.2
Check launcher:	C:\Program Files\Java\jdk-15.0.2\bin\javaw.exe (OK)
Match:		1.015.000_002
Runtime used:	1.015.000_002 (64-bit)
Launcher:	C:\Program Files\Java\jdk-15.0.2\bin\javaw.exe
Launcher args:	-jar "C:\Users\Claudia\Desktop\CASTLEHEART\CastleHeart.exe"
Args length:	59/32768 chars
Exit code:	0
